<?xml version="1.0" encoding="UTF-8"?>
<testsuite name="myapp.AppTest" tests="1" skipped="0" failures="0" errors="0" timestamp="2021-10-14T13:58:18" hostname="Miss-Mary-Macintosh.local" time="0.014">
  <properties/>
  <testcase name="appHasAGreeting()" classname="myapp.AppTest" time="0.014"/>
  <system-out><![CDATA[]]></system-out>
  <system-err><![CDATA[]]></system-err>
</testsuite>
